Copyright 1986-2019 Xilinx, Inc. All Rights Reserved.
----------------------------------------------------------------------------------------------------------------------------------
| Tool Version     : Vivado v.2019.1 (win64) Build 2552052 Fri May 24 14:49:42 MDT 2019
| Date             : Mon Jun 15 19:18:08 2020
| Host             : guowei7lc10 running 64-bit major release  (build 9200)
| Command          : report_power -file fpga_power_routed.rpt -pb fpga_power_summary_routed.pb -rpx fpga_power_routed.rpx
| Design           : fpga
| Device           : xcvu37p-fsvh2892-2L-e
| Design State     : routed
| Grade            : extended
| Process          : typical
| Characterization : Production
----------------------------------------------------------------------------------------------------------------------------------

Power Report

Table of Contents
-----------------
1. Summary
1.1 On-Chip Components
1.2 Power Supply Summary
1.3 Confidence Level
2. Settings
2.1 Environment
2.2 Clock Constraints
3. Detailed Reports
3.1 By Hierarchy

1. Summary
----------

+--------------------------+--------------+
| Total On-Chip Power (W)  | 9.593        |
|   FPGA Power (W)         | 9.346        |
|   HBM Power (W)          | 0.247        |
| Design Power Budget (W)  | Unspecified* |
| Power Budget Margin (W)  | NA           |
| Dynamic (W)              | 6.239        |
| Device Static (W)        | 3.354        |
| Effective TJA (C/W)      | 0.5          |
| Max Ambient (C)          | 95.5         |
| Junction Temperature (C) | 29.5         |
| Confidence Level         | Medium       |
| Setting File             | ---          |
| Simulation Activity File | ---          |
| Design Nets Matched      | NA           |
+--------------------------+--------------+
* Specify Design Power Budget using, set_operating_conditions -design_power_budget <value in Watts>


1.1 On-Chip Components
----------------------

+--------------------------+-----------+----------+-----------+-----------------+
| On-Chip                  | Power (W) | Used     | Available | Utilization (%) |
+--------------------------+-----------+----------+-----------+-----------------+
| Clocks                   |     0.288 |       40 |       --- |             --- |
| CLB Logic                |     0.120 |    73296 |       --- |             --- |
|   LUT as Logic           |     0.104 |    28331 |   1303680 |            2.17 |
|   Register               |     0.010 |    32769 |   2607360 |            1.26 |
|   LUT as Shift Register  |     0.004 |      639 |    600960 |            0.11 |
|   CARRY8                 |     0.001 |      533 |    162960 |            0.33 |
|   LUT as Distributed RAM |     0.001 |     2120 |    600960 |            0.35 |
|   BUFG                   |    <0.001 |        1 |        96 |            1.04 |
|   Others                 |     0.000 |     1983 |       --- |             --- |
|   F7/F8 Muxes            |     0.000 |       26 |   1303680 |           <0.01 |
| Signals                  |     0.238 |    66071 |       --- |             --- |
| Block RAM                |     0.382 |       98 |      2016 |            4.86 |
| DSPs                     |     0.001 |        4 |      9024 |            0.04 |
| I/O                      |     0.006 |        4 |       624 |            0.64 |
| GTY                      |     4.812 |       16 |        96 |           16.67 |
| Hard IPs                 |     0.391 |        1 |       --- |             --- |
|   PCIE                   |     0.391 |        1 |       --- |             --- |
| Static Power             |     3.354 |          |           |                 |
| Total                    |     9.593 |          |           |                 |
+--------------------------+-----------+----------+-----------+-----------------+


1.2 Power Supply Summary
------------------------

+------------+-------------+-----------+-------------+------------+
| Source     | Voltage (V) | Total (A) | Dynamic (A) | Static (A) |
+------------+-------------+-----------+-------------+------------+
| Vccint     |       0.850 |     3.738 |       2.316 |      1.422 |
| Vccint_io  |       0.850 |     0.252 |       0.001 |      0.251 |
| Vccbram    |       0.850 |     0.088 |       0.054 |      0.034 |
| Vccaux     |       1.800 |     0.815 |       0.000 |      0.815 |
| Vccaux_io  |       1.800 |     0.038 |       0.003 |      0.035 |
| Vcco33     |       3.300 |     0.000 |       0.000 |      0.000 |
| Vcco25     |       2.500 |     0.000 |       0.000 |      0.000 |
| Vcco18     |       1.800 |     0.000 |       0.000 |      0.000 |
| Vcco15     |       1.500 |     0.000 |       0.000 |      0.000 |
| Vcco135    |       1.350 |     0.000 |       0.000 |      0.000 |
| Vcco12     |       1.200 |     0.000 |       0.000 |      0.000 |
| Vcco10     |       1.000 |     0.000 |       0.000 |      0.000 |
| Vccadc     |       1.800 |     0.024 |       0.000 |      0.024 |
| VCC_IO_HBM |       1.200 |     0.083 |       0.000 |      0.083 |
| VCC_HBM    |       1.200 |     0.080 |       0.000 |      0.080 |
| VCCAUX_HBM |       2.500 |     0.022 |       0.000 |      0.022 |
| MGTYAVcc   |       0.900 |     0.876 |       0.826 |      0.050 |
| MGTYAVtt   |       1.200 |     2.779 |       2.755 |      0.024 |
| MGTYVccaux |       1.800 |     0.096 |       0.093 |      0.003 |
+------------+-------------+-----------+-------------+------------+


1.3 Confidence Level
--------------------

+-----------------------------+------------+-------------------------------------------------------+------------------------------------------------------------------------------------------------------------+
| User Input Data             | Confidence | Details                                               | Action                                                                                                     |
+-----------------------------+------------+-------------------------------------------------------+------------------------------------------------------------------------------------------------------------+
| Design implementation state | High       | Design is routed                                      |                                                                                                            |
| Clock nodes activity        | High       | User specified more than 95% of clocks                |                                                                                                            |
| I/O nodes activity          | Medium     | More than 5% of inputs are missing user specification | Provide missing input activity with simulation results or by editing the "By Resource Type -> I/Os" view   |
| Internal nodes activity     | Medium     | User specified less than 25% of internal nodes        | Provide missing internal nodes activity with simulation results or by editing the "By Resource Type" views |
| Device models               | High       | Device models are Production                          |                                                                                                            |
|                             |            |                                                       |                                                                                                            |
| Overall confidence level    | Medium     |                                                       |                                                                                                            |
+-----------------------------+------------+-------------------------------------------------------+------------------------------------------------------------------------------------------------------------+


2. Settings
-----------

2.1 Environment
---------------

+-----------------------+--------------------------+
| Ambient Temp (C)      | 25.0                     |
| ThetaJA (C/W)         | 0.5                      |
| Airflow (LFM)         | 250                      |
| Heat Sink             | medium (Medium Profile)  |
| ThetaSA (C/W)         | 0.5                      |
| Board Selection       | medium (10"x10")         |
| # of Board Layers     | 12to15 (12 to 15 Layers) |
| Board Temperature (C) | 25.0                     |
+-----------------------+--------------------------+


2.2 Clock Constraints
---------------------

+------------------------------------------------------------------------------------------------------------------------------------------------------------------------------------------------------------------------------------------------------------------------------------------------------------------------------------------------------------------------------------------------------+---------------------------------------------------------------------------------------------------------------------------------------------------------------------------------------------------------------------------------------------------------------------------------------------------------------------------------------------------------------------------------------+-----------------+
| Clock                                                                                                                                                                                                                                                                                                                                                                                                | Domain                                                                                                                                                                                                                                                                                                                                                                                | Constraint (ns) |
+------------------------------------------------------------------------------------------------------------------------------------------------------------------------------------------------------------------------------------------------------------------------------------------------------------------------------------------------------------------------------------------------------+---------------------------------------------------------------------------------------------------------------------------------------------------------------------------------------------------------------------------------------------------------------------------------------------------------------------------------------------------------------------------------------+-----------------+
| diablo_gt.diablo_gt_phy_wrapper/pclk2_gt                                                                                                                                                                                                                                                                                                                                                             | pcie4_uscale_plus_inst/inst/gt_top_i/diablo_gt.diablo_gt_phy_wrapper/phy_clk_i/CLK_PCLK2_GT                                                                                                                                                                                                                                                                                           |             4.0 |
| mcap_clk                                                                                                                                                                                                                                                                                                                                                                                             | pcie4_uscale_plus_inst/inst/gt_top_i/diablo_gt.diablo_gt_phy_wrapper/phy_clk_i/CLK_MCAPCLK                                                                                                                                                                                                                                                                                            |             8.0 |
| pcie4_uscale_plus_inst/inst/gt_top_i/diablo_gt.diablo_gt_phy_wrapper/gt_wizard.gtwizard_top_i/pcie4_uscale_plus_0_gt_i/inst/gen_gtwizard_gtye4_top.pcie4_uscale_plus_0_gt_gtwizard_gtye4_inst/gen_gtwizard_gtye4.gen_channel_container[28].gen_enabled_channel.gtye4_channel_wrapper_inst/channel_inst/gtye4_channel_gen.gen_gtye4_channel_inst[0].GTYE4_CHANNEL_PRIM_INST/TXOUTCLK                  | pcie4_uscale_plus_inst/inst/gt_top_i/diablo_gt.diablo_gt_phy_wrapper/gt_wizard.gtwizard_top_i/pcie4_uscale_plus_0_gt_i/inst/gen_gtwizard_gtye4_top.pcie4_uscale_plus_0_gt_gtwizard_gtye4_inst/gen_gtwizard_gtye4.gen_channel_container[28].gen_enabled_channel.gtye4_channel_wrapper_inst/channel_inst/txoutclk_out[0]                                                                |             2.0 |
| pcie4_uscale_plus_inst/inst/gt_top_i/diablo_gt.diablo_gt_phy_wrapper/gt_wizard.gtwizard_top_i/pcie4_uscale_plus_0_gt_i/inst/gen_gtwizard_gtye4_top.pcie4_uscale_plus_0_gt_gtwizard_gtye4_inst/gen_gtwizard_gtye4.gen_channel_container[28].gen_enabled_channel.gtye4_channel_wrapper_inst/channel_inst/gtye4_channel_gen.gen_gtye4_channel_inst[0].GTYE4_CHANNEL_PRIM_INST/TXOUTCLK                  | pcie4_uscale_plus_inst/inst/gt_top_i/diablo_gt.diablo_gt_phy_wrapper/gt_wizard.gtwizard_top_i/pcie4_uscale_plus_0_gt_i/inst/gen_gtwizard_gtye4_top.pcie4_uscale_plus_0_gt_gtwizard_gtye4_inst/gen_gtwizard_gtye4.gen_channel_container[28].gen_enabled_channel.gtye4_channel_wrapper_inst/channel_inst/txoutclk_out[1]                                                                |             2.0 |
| pcie4_uscale_plus_inst/inst/gt_top_i/diablo_gt.diablo_gt_phy_wrapper/gt_wizard.gtwizard_top_i/pcie4_uscale_plus_0_gt_i/inst/gen_gtwizard_gtye4_top.pcie4_uscale_plus_0_gt_gtwizard_gtye4_inst/gen_gtwizard_gtye4.gen_channel_container[28].gen_enabled_channel.gtye4_channel_wrapper_inst/channel_inst/gtye4_channel_gen.gen_gtye4_channel_inst[0].GTYE4_CHANNEL_PRIM_INST/TXOUTCLK                  | pcie4_uscale_plus_inst/inst/gt_top_i/diablo_gt.diablo_gt_phy_wrapper/gt_wizard.gtwizard_top_i/pcie4_uscale_plus_0_gt_i/inst/gen_gtwizard_gtye4_top.pcie4_uscale_plus_0_gt_gtwizard_gtye4_inst/gen_gtwizard_gtye4.gen_channel_container[28].gen_enabled_channel.gtye4_channel_wrapper_inst/channel_inst/txoutclk_out[2]                                                                |             2.0 |
| pcie4_uscale_plus_inst/inst/gt_top_i/diablo_gt.diablo_gt_phy_wrapper/gt_wizard.gtwizard_top_i/pcie4_uscale_plus_0_gt_i/inst/gen_gtwizard_gtye4_top.pcie4_uscale_plus_0_gt_gtwizard_gtye4_inst/gen_gtwizard_gtye4.gen_channel_container[28].gen_enabled_channel.gtye4_channel_wrapper_inst/channel_inst/gtye4_channel_gen.gen_gtye4_channel_inst[0].GTYE4_CHANNEL_PRIM_INST/TXOUTCLK                  | pcie4_uscale_plus_inst/inst/gt_top_i/diablo_gt.diablo_gt_phy_wrapper/gt_wizard.gtwizard_top_i/pcie4_uscale_plus_0_gt_i/inst/gen_gtwizard_gtye4_top.pcie4_uscale_plus_0_gt_gtwizard_gtye4_inst/gen_gtwizard_gtye4.gen_channel_container[28].gen_enabled_channel.gtye4_channel_wrapper_inst/channel_inst/txoutclk_out[3]                                                                |             2.0 |
| pcie4_uscale_plus_inst/inst/gt_top_i/diablo_gt.diablo_gt_phy_wrapper/gt_wizard.gtwizard_top_i/pcie4_uscale_plus_0_gt_i/inst/gen_gtwizard_gtye4_top.pcie4_uscale_plus_0_gt_gtwizard_gtye4_inst/gen_gtwizard_gtye4.gen_channel_container[28].gen_enabled_channel.gtye4_channel_wrapper_inst/channel_inst/gtye4_channel_gen.gen_gtye4_channel_inst[0].GTYE4_CHANNEL_PRIM_INST/TXOUTCLK                  | pcie4_uscale_plus_inst/inst/gt_top_i/diablo_gt.diablo_gt_phy_wrapper/gt_wizard.gtwizard_top_i/pcie4_uscale_plus_0_gt_i/inst/gen_gtwizard_gtye4_top.pcie4_uscale_plus_0_gt_gtwizard_gtye4_inst/gen_gtwizard_gtye4.gen_channel_container[29].gen_enabled_channel.gtye4_channel_wrapper_inst/channel_inst/txoutclk_out[0]                                                                |             2.0 |
| pcie4_uscale_plus_inst/inst/gt_top_i/diablo_gt.diablo_gt_phy_wrapper/gt_wizard.gtwizard_top_i/pcie4_uscale_plus_0_gt_i/inst/gen_gtwizard_gtye4_top.pcie4_uscale_plus_0_gt_gtwizard_gtye4_inst/gen_gtwizard_gtye4.gen_channel_container[28].gen_enabled_channel.gtye4_channel_wrapper_inst/channel_inst/gtye4_channel_gen.gen_gtye4_channel_inst[0].GTYE4_CHANNEL_PRIM_INST/TXOUTCLK                  | pcie4_uscale_plus_inst/inst/gt_top_i/diablo_gt.diablo_gt_phy_wrapper/gt_wizard.gtwizard_top_i/pcie4_uscale_plus_0_gt_i/inst/gen_gtwizard_gtye4_top.pcie4_uscale_plus_0_gt_gtwizard_gtye4_inst/gen_gtwizard_gtye4.gen_channel_container[29].gen_enabled_channel.gtye4_channel_wrapper_inst/channel_inst/txoutclk_out[1]                                                                |             2.0 |
| pcie4_uscale_plus_inst/inst/gt_top_i/diablo_gt.diablo_gt_phy_wrapper/gt_wizard.gtwizard_top_i/pcie4_uscale_plus_0_gt_i/inst/gen_gtwizard_gtye4_top.pcie4_uscale_plus_0_gt_gtwizard_gtye4_inst/gen_gtwizard_gtye4.gen_channel_container[28].gen_enabled_channel.gtye4_channel_wrapper_inst/channel_inst/gtye4_channel_gen.gen_gtye4_channel_inst[0].GTYE4_CHANNEL_PRIM_INST/TXOUTCLK                  | pcie4_uscale_plus_inst/inst/gt_top_i/diablo_gt.diablo_gt_phy_wrapper/gt_wizard.gtwizard_top_i/pcie4_uscale_plus_0_gt_i/inst/gen_gtwizard_gtye4_top.pcie4_uscale_plus_0_gt_gtwizard_gtye4_inst/gen_gtwizard_gtye4.gen_channel_container[29].gen_enabled_channel.gtye4_channel_wrapper_inst/channel_inst/txoutclk_out[2]                                                                |             2.0 |
| pcie4_uscale_plus_inst/inst/gt_top_i/diablo_gt.diablo_gt_phy_wrapper/gt_wizard.gtwizard_top_i/pcie4_uscale_plus_0_gt_i/inst/gen_gtwizard_gtye4_top.pcie4_uscale_plus_0_gt_gtwizard_gtye4_inst/gen_gtwizard_gtye4.gen_channel_container[28].gen_enabled_channel.gtye4_channel_wrapper_inst/channel_inst/gtye4_channel_gen.gen_gtye4_channel_inst[0].GTYE4_CHANNEL_PRIM_INST/TXOUTCLK                  | pcie4_uscale_plus_inst/inst/gt_top_i/diablo_gt.diablo_gt_phy_wrapper/gt_wizard.gtwizard_top_i/pcie4_uscale_plus_0_gt_i/inst/gen_gtwizard_gtye4_top.pcie4_uscale_plus_0_gt_gtwizard_gtye4_inst/gen_gtwizard_gtye4.gen_channel_container[29].gen_enabled_channel.gtye4_channel_wrapper_inst/channel_inst/txoutclk_out[3]                                                                |             2.0 |
| pcie4_uscale_plus_inst/inst/gt_top_i/diablo_gt.diablo_gt_phy_wrapper/gt_wizard.gtwizard_top_i/pcie4_uscale_plus_0_gt_i/inst/gen_gtwizard_gtye4_top.pcie4_uscale_plus_0_gt_gtwizard_gtye4_inst/gen_gtwizard_gtye4.gen_channel_container[28].gen_enabled_channel.gtye4_channel_wrapper_inst/channel_inst/gtye4_channel_gen.gen_gtye4_channel_inst[0].GTYE4_CHANNEL_PRIM_INST/TXOUTCLK                  | pcie4_uscale_plus_inst/inst/gt_top_i/diablo_gt.diablo_gt_phy_wrapper/gt_wizard.gtwizard_top_i/pcie4_uscale_plus_0_gt_i/inst/gen_gtwizard_gtye4_top.pcie4_uscale_plus_0_gt_gtwizard_gtye4_inst/gen_gtwizard_gtye4.gen_channel_container[30].gen_enabled_channel.gtye4_channel_wrapper_inst/channel_inst/txoutclk_out[0]                                                                |             2.0 |
| pcie4_uscale_plus_inst/inst/gt_top_i/diablo_gt.diablo_gt_phy_wrapper/gt_wizard.gtwizard_top_i/pcie4_uscale_plus_0_gt_i/inst/gen_gtwizard_gtye4_top.pcie4_uscale_plus_0_gt_gtwizard_gtye4_inst/gen_gtwizard_gtye4.gen_channel_container[28].gen_enabled_channel.gtye4_channel_wrapper_inst/channel_inst/gtye4_channel_gen.gen_gtye4_channel_inst[0].GTYE4_CHANNEL_PRIM_INST/TXOUTCLK                  | pcie4_uscale_plus_inst/inst/gt_top_i/diablo_gt.diablo_gt_phy_wrapper/gt_wizard.gtwizard_top_i/pcie4_uscale_plus_0_gt_i/inst/gen_gtwizard_gtye4_top.pcie4_uscale_plus_0_gt_gtwizard_gtye4_inst/gen_gtwizard_gtye4.gen_channel_container[30].gen_enabled_channel.gtye4_channel_wrapper_inst/channel_inst/txoutclk_out[1]                                                                |             2.0 |
| pcie4_uscale_plus_inst/inst/gt_top_i/diablo_gt.diablo_gt_phy_wrapper/gt_wizard.gtwizard_top_i/pcie4_uscale_plus_0_gt_i/inst/gen_gtwizard_gtye4_top.pcie4_uscale_plus_0_gt_gtwizard_gtye4_inst/gen_gtwizard_gtye4.gen_channel_container[28].gen_enabled_channel.gtye4_channel_wrapper_inst/channel_inst/gtye4_channel_gen.gen_gtye4_channel_inst[0].GTYE4_CHANNEL_PRIM_INST/TXOUTCLK                  | pcie4_uscale_plus_inst/inst/gt_top_i/diablo_gt.diablo_gt_phy_wrapper/gt_wizard.gtwizard_top_i/pcie4_uscale_plus_0_gt_i/inst/gen_gtwizard_gtye4_top.pcie4_uscale_plus_0_gt_gtwizard_gtye4_inst/gen_gtwizard_gtye4.gen_channel_container[30].gen_enabled_channel.gtye4_channel_wrapper_inst/channel_inst/txoutclk_out[2]                                                                |             2.0 |
| pcie4_uscale_plus_inst/inst/gt_top_i/diablo_gt.diablo_gt_phy_wrapper/gt_wizard.gtwizard_top_i/pcie4_uscale_plus_0_gt_i/inst/gen_gtwizard_gtye4_top.pcie4_uscale_plus_0_gt_gtwizard_gtye4_inst/gen_gtwizard_gtye4.gen_channel_container[28].gen_enabled_channel.gtye4_channel_wrapper_inst/channel_inst/gtye4_channel_gen.gen_gtye4_channel_inst[0].GTYE4_CHANNEL_PRIM_INST/TXOUTCLK                  | pcie4_uscale_plus_inst/inst/gt_top_i/diablo_gt.diablo_gt_phy_wrapper/gt_wizard.gtwizard_top_i/pcie4_uscale_plus_0_gt_i/inst/gen_gtwizard_gtye4_top.pcie4_uscale_plus_0_gt_gtwizard_gtye4_inst/gen_gtwizard_gtye4.gen_channel_container[30].gen_enabled_channel.gtye4_channel_wrapper_inst/channel_inst/txoutclk_out[3]                                                                |             2.0 |
| pcie4_uscale_plus_inst/inst/gt_top_i/diablo_gt.diablo_gt_phy_wrapper/gt_wizard.gtwizard_top_i/pcie4_uscale_plus_0_gt_i/inst/gen_gtwizard_gtye4_top.pcie4_uscale_plus_0_gt_gtwizard_gtye4_inst/gen_gtwizard_gtye4.gen_channel_container[28].gen_enabled_channel.gtye4_channel_wrapper_inst/channel_inst/gtye4_channel_gen.gen_gtye4_channel_inst[0].GTYE4_CHANNEL_PRIM_INST/TXOUTCLK                  | pcie4_uscale_plus_inst/inst/gt_top_i/diablo_gt.diablo_gt_phy_wrapper/gt_wizard.gtwizard_top_i/pcie4_uscale_plus_0_gt_i/inst/gen_gtwizard_gtye4_top.pcie4_uscale_plus_0_gt_gtwizard_gtye4_inst/gen_gtwizard_gtye4.gen_channel_container[31].gen_enabled_channel.gtye4_channel_wrapper_inst/channel_inst/txoutclk_out[0]                                                                |             2.0 |
| pcie4_uscale_plus_inst/inst/gt_top_i/diablo_gt.diablo_gt_phy_wrapper/gt_wizard.gtwizard_top_i/pcie4_uscale_plus_0_gt_i/inst/gen_gtwizard_gtye4_top.pcie4_uscale_plus_0_gt_gtwizard_gtye4_inst/gen_gtwizard_gtye4.gen_channel_container[28].gen_enabled_channel.gtye4_channel_wrapper_inst/channel_inst/gtye4_channel_gen.gen_gtye4_channel_inst[0].GTYE4_CHANNEL_PRIM_INST/TXOUTCLK                  | pcie4_uscale_plus_inst/inst/gt_top_i/diablo_gt.diablo_gt_phy_wrapper/gt_wizard.gtwizard_top_i/pcie4_uscale_plus_0_gt_i/inst/gen_gtwizard_gtye4_top.pcie4_uscale_plus_0_gt_gtwizard_gtye4_inst/gen_gtwizard_gtye4.gen_channel_container[31].gen_enabled_channel.gtye4_channel_wrapper_inst/channel_inst/txoutclk_out[1]                                                                |             2.0 |
| pcie4_uscale_plus_inst/inst/gt_top_i/diablo_gt.diablo_gt_phy_wrapper/gt_wizard.gtwizard_top_i/pcie4_uscale_plus_0_gt_i/inst/gen_gtwizard_gtye4_top.pcie4_uscale_plus_0_gt_gtwizard_gtye4_inst/gen_gtwizard_gtye4.gen_channel_container[28].gen_enabled_channel.gtye4_channel_wrapper_inst/channel_inst/gtye4_channel_gen.gen_gtye4_channel_inst[0].GTYE4_CHANNEL_PRIM_INST/TXOUTCLK                  | pcie4_uscale_plus_inst/inst/gt_top_i/diablo_gt.diablo_gt_phy_wrapper/gt_wizard.gtwizard_top_i/pcie4_uscale_plus_0_gt_i/inst/gen_gtwizard_gtye4_top.pcie4_uscale_plus_0_gt_gtwizard_gtye4_inst/gen_gtwizard_gtye4.gen_channel_container[31].gen_enabled_channel.gtye4_channel_wrapper_inst/channel_inst/txoutclk_out[2]                                                                |             2.0 |
| pcie4_uscale_plus_inst/inst/gt_top_i/diablo_gt.diablo_gt_phy_wrapper/gt_wizard.gtwizard_top_i/pcie4_uscale_plus_0_gt_i/inst/gen_gtwizard_gtye4_top.pcie4_uscale_plus_0_gt_gtwizard_gtye4_inst/gen_gtwizard_gtye4.gen_channel_container[28].gen_enabled_channel.gtye4_channel_wrapper_inst/channel_inst/gtye4_channel_gen.gen_gtye4_channel_inst[0].GTYE4_CHANNEL_PRIM_INST/TXOUTCLK                  | pcie4_uscale_plus_inst/inst/gt_top_i/diablo_gt.diablo_gt_phy_wrapper/gt_wizard.gtwizard_top_i/pcie4_uscale_plus_0_gt_i/inst/gen_gtwizard_gtye4_top.pcie4_uscale_plus_0_gt_gtwizard_gtye4_inst/gen_gtwizard_gtye4.gen_channel_container[31].gen_enabled_channel.gtye4_channel_wrapper_inst/channel_inst/txoutclk_out[3]                                                                |             2.0 |
| pcie4_uscale_plus_inst/inst/gt_top_i/diablo_gt.diablo_gt_phy_wrapper/gt_wizard.gtwizard_top_i/pcie4_uscale_plus_0_gt_i/inst/gen_gtwizard_gtye4_top.pcie4_uscale_plus_0_gt_gtwizard_gtye4_inst/gen_gtwizard_gtye4.gen_cpll_cal_gtye4.gen_cpll_cal_inst[0].gen_inst_cpll_cal.gtwizard_ultrascale_v1_7_6_gtye4_cpll_cal_inst/gtwizard_ultrascale_v1_7_6_gtye4_cpll_cal_tx_i/bufg_gt_txoutclkmon_inst/O  | pcie4_uscale_plus_inst/inst/gt_top_i/diablo_gt.diablo_gt_phy_wrapper/gt_wizard.gtwizard_top_i/pcie4_uscale_plus_0_gt_i/inst/gen_gtwizard_gtye4_top.pcie4_uscale_plus_0_gt_gtwizard_gtye4_inst/gen_gtwizard_gtye4.gen_cpll_cal_gtye4.gen_cpll_cal_inst[0].gen_inst_cpll_cal.gtwizard_ultrascale_v1_7_6_gtye4_cpll_cal_inst/gtwizard_ultrascale_v1_7_6_gtye4_cpll_cal_tx_i/txoutclkmon  |             8.0 |
| pcie4_uscale_plus_inst/inst/gt_top_i/diablo_gt.diablo_gt_phy_wrapper/gt_wizard.gtwizard_top_i/pcie4_uscale_plus_0_gt_i/inst/gen_gtwizard_gtye4_top.pcie4_uscale_plus_0_gt_gtwizard_gtye4_inst/gen_gtwizard_gtye4.gen_cpll_cal_gtye4.gen_cpll_cal_inst[10].gen_inst_cpll_cal.gtwizard_ultrascale_v1_7_6_gtye4_cpll_cal_inst/gtwizard_ultrascale_v1_7_6_gtye4_cpll_cal_tx_i/bufg_gt_txoutclkmon_inst/O | pcie4_uscale_plus_inst/inst/gt_top_i/diablo_gt.diablo_gt_phy_wrapper/gt_wizard.gtwizard_top_i/pcie4_uscale_plus_0_gt_i/inst/gen_gtwizard_gtye4_top.pcie4_uscale_plus_0_gt_gtwizard_gtye4_inst/gen_gtwizard_gtye4.gen_cpll_cal_gtye4.gen_cpll_cal_inst[10].gen_inst_cpll_cal.gtwizard_ultrascale_v1_7_6_gtye4_cpll_cal_inst/gtwizard_ultrascale_v1_7_6_gtye4_cpll_cal_tx_i/txoutclkmon |             8.0 |
| pcie4_uscale_plus_inst/inst/gt_top_i/diablo_gt.diablo_gt_phy_wrapper/gt_wizard.gtwizard_top_i/pcie4_uscale_plus_0_gt_i/inst/gen_gtwizard_gtye4_top.pcie4_uscale_plus_0_gt_gtwizard_gtye4_inst/gen_gtwizard_gtye4.gen_cpll_cal_gtye4.gen_cpll_cal_inst[11].gen_inst_cpll_cal.gtwizard_ultrascale_v1_7_6_gtye4_cpll_cal_inst/gtwizard_ultrascale_v1_7_6_gtye4_cpll_cal_tx_i/bufg_gt_txoutclkmon_inst/O | pcie4_uscale_plus_inst/inst/gt_top_i/diablo_gt.diablo_gt_phy_wrapper/gt_wizard.gtwizard_top_i/pcie4_uscale_plus_0_gt_i/inst/gen_gtwizard_gtye4_top.pcie4_uscale_plus_0_gt_gtwizard_gtye4_inst/gen_gtwizard_gtye4.gen_cpll_cal_gtye4.gen_cpll_cal_inst[11].gen_inst_cpll_cal.gtwizard_ultrascale_v1_7_6_gtye4_cpll_cal_inst/gtwizard_ultrascale_v1_7_6_gtye4_cpll_cal_tx_i/txoutclkmon |             8.0 |
| pcie4_uscale_plus_inst/inst/gt_top_i/diablo_gt.diablo_gt_phy_wrapper/gt_wizard.gtwizard_top_i/pcie4_uscale_plus_0_gt_i/inst/gen_gtwizard_gtye4_top.pcie4_uscale_plus_0_gt_gtwizard_gtye4_inst/gen_gtwizard_gtye4.gen_cpll_cal_gtye4.gen_cpll_cal_inst[12].gen_inst_cpll_cal.gtwizard_ultrascale_v1_7_6_gtye4_cpll_cal_inst/gtwizard_ultrascale_v1_7_6_gtye4_cpll_cal_tx_i/bufg_gt_txoutclkmon_inst/O | pcie4_uscale_plus_inst/inst/gt_top_i/diablo_gt.diablo_gt_phy_wrapper/gt_wizard.gtwizard_top_i/pcie4_uscale_plus_0_gt_i/inst/gen_gtwizard_gtye4_top.pcie4_uscale_plus_0_gt_gtwizard_gtye4_inst/gen_gtwizard_gtye4.gen_cpll_cal_gtye4.gen_cpll_cal_inst[12].gen_inst_cpll_cal.gtwizard_ultrascale_v1_7_6_gtye4_cpll_cal_inst/gtwizard_ultrascale_v1_7_6_gtye4_cpll_cal_tx_i/txoutclkmon |             8.0 |
| pcie4_uscale_plus_inst/inst/gt_top_i/diablo_gt.diablo_gt_phy_wrapper/gt_wizard.gtwizard_top_i/pcie4_uscale_plus_0_gt_i/inst/gen_gtwizard_gtye4_top.pcie4_uscale_plus_0_gt_gtwizard_gtye4_inst/gen_gtwizard_gtye4.gen_cpll_cal_gtye4.gen_cpll_cal_inst[13].gen_inst_cpll_cal.gtwizard_ultrascale_v1_7_6_gtye4_cpll_cal_inst/gtwizard_ultrascale_v1_7_6_gtye4_cpll_cal_tx_i/bufg_gt_txoutclkmon_inst/O | pcie4_uscale_plus_inst/inst/gt_top_i/diablo_gt.diablo_gt_phy_wrapper/gt_wizard.gtwizard_top_i/pcie4_uscale_plus_0_gt_i/inst/gen_gtwizard_gtye4_top.pcie4_uscale_plus_0_gt_gtwizard_gtye4_inst/gen_gtwizard_gtye4.gen_cpll_cal_gtye4.gen_cpll_cal_inst[13].gen_inst_cpll_cal.gtwizard_ultrascale_v1_7_6_gtye4_cpll_cal_inst/gtwizard_ultrascale_v1_7_6_gtye4_cpll_cal_tx_i/txoutclkmon |             8.0 |
| pcie4_uscale_plus_inst/inst/gt_top_i/diablo_gt.diablo_gt_phy_wrapper/gt_wizard.gtwizard_top_i/pcie4_uscale_plus_0_gt_i/inst/gen_gtwizard_gtye4_top.pcie4_uscale_plus_0_gt_gtwizard_gtye4_inst/gen_gtwizard_gtye4.gen_cpll_cal_gtye4.gen_cpll_cal_inst[14].gen_inst_cpll_cal.gtwizard_ultrascale_v1_7_6_gtye4_cpll_cal_inst/gtwizard_ultrascale_v1_7_6_gtye4_cpll_cal_tx_i/bufg_gt_txoutclkmon_inst/O | pcie4_uscale_plus_inst/inst/gt_top_i/diablo_gt.diablo_gt_phy_wrapper/gt_wizard.gtwizard_top_i/pcie4_uscale_plus_0_gt_i/inst/gen_gtwizard_gtye4_top.pcie4_uscale_plus_0_gt_gtwizard_gtye4_inst/gen_gtwizard_gtye4.gen_cpll_cal_gtye4.gen_cpll_cal_inst[14].gen_inst_cpll_cal.gtwizard_ultrascale_v1_7_6_gtye4_cpll_cal_inst/gtwizard_ultrascale_v1_7_6_gtye4_cpll_cal_tx_i/txoutclkmon |             8.0 |
| pcie4_uscale_plus_inst/inst/gt_top_i/diablo_gt.diablo_gt_phy_wrapper/gt_wizard.gtwizard_top_i/pcie4_uscale_plus_0_gt_i/inst/gen_gtwizard_gtye4_top.pcie4_uscale_plus_0_gt_gtwizard_gtye4_inst/gen_gtwizard_gtye4.gen_cpll_cal_gtye4.gen_cpll_cal_inst[15].gen_inst_cpll_cal.gtwizard_ultrascale_v1_7_6_gtye4_cpll_cal_inst/gtwizard_ultrascale_v1_7_6_gtye4_cpll_cal_tx_i/bufg_gt_txoutclkmon_inst/O | pcie4_uscale_plus_inst/inst/gt_top_i/diablo_gt.diablo_gt_phy_wrapper/gt_wizard.gtwizard_top_i/pcie4_uscale_plus_0_gt_i/inst/gen_gtwizard_gtye4_top.pcie4_uscale_plus_0_gt_gtwizard_gtye4_inst/gen_gtwizard_gtye4.gen_cpll_cal_gtye4.gen_cpll_cal_inst[15].gen_inst_cpll_cal.gtwizard_ultrascale_v1_7_6_gtye4_cpll_cal_inst/gtwizard_ultrascale_v1_7_6_gtye4_cpll_cal_tx_i/txoutclkmon |             8.0 |
| pcie4_uscale_plus_inst/inst/gt_top_i/diablo_gt.diablo_gt_phy_wrapper/gt_wizard.gtwizard_top_i/pcie4_uscale_plus_0_gt_i/inst/gen_gtwizard_gtye4_top.pcie4_uscale_plus_0_gt_gtwizard_gtye4_inst/gen_gtwizard_gtye4.gen_cpll_cal_gtye4.gen_cpll_cal_inst[1].gen_inst_cpll_cal.gtwizard_ultrascale_v1_7_6_gtye4_cpll_cal_inst/gtwizard_ultrascale_v1_7_6_gtye4_cpll_cal_tx_i/bufg_gt_txoutclkmon_inst/O  | pcie4_uscale_plus_inst/inst/gt_top_i/diablo_gt.diablo_gt_phy_wrapper/gt_wizard.gtwizard_top_i/pcie4_uscale_plus_0_gt_i/inst/gen_gtwizard_gtye4_top.pcie4_uscale_plus_0_gt_gtwizard_gtye4_inst/gen_gtwizard_gtye4.gen_cpll_cal_gtye4.gen_cpll_cal_inst[1].gen_inst_cpll_cal.gtwizard_ultrascale_v1_7_6_gtye4_cpll_cal_inst/gtwizard_ultrascale_v1_7_6_gtye4_cpll_cal_tx_i/txoutclkmon  |             8.0 |
| pcie4_uscale_plus_inst/inst/gt_top_i/diablo_gt.diablo_gt_phy_wrapper/gt_wizard.gtwizard_top_i/pcie4_uscale_plus_0_gt_i/inst/gen_gtwizard_gtye4_top.pcie4_uscale_plus_0_gt_gtwizard_gtye4_inst/gen_gtwizard_gtye4.gen_cpll_cal_gtye4.gen_cpll_cal_inst[2].gen_inst_cpll_cal.gtwizard_ultrascale_v1_7_6_gtye4_cpll_cal_inst/gtwizard_ultrascale_v1_7_6_gtye4_cpll_cal_tx_i/bufg_gt_txoutclkmon_inst/O  | pcie4_uscale_plus_inst/inst/gt_top_i/diablo_gt.diablo_gt_phy_wrapper/gt_wizard.gtwizard_top_i/pcie4_uscale_plus_0_gt_i/inst/gen_gtwizard_gtye4_top.pcie4_uscale_plus_0_gt_gtwizard_gtye4_inst/gen_gtwizard_gtye4.gen_cpll_cal_gtye4.gen_cpll_cal_inst[2].gen_inst_cpll_cal.gtwizard_ultrascale_v1_7_6_gtye4_cpll_cal_inst/gtwizard_ultrascale_v1_7_6_gtye4_cpll_cal_tx_i/txoutclkmon  |             8.0 |
| pcie4_uscale_plus_inst/inst/gt_top_i/diablo_gt.diablo_gt_phy_wrapper/gt_wizard.gtwizard_top_i/pcie4_uscale_plus_0_gt_i/inst/gen_gtwizard_gtye4_top.pcie4_uscale_plus_0_gt_gtwizard_gtye4_inst/gen_gtwizard_gtye4.gen_cpll_cal_gtye4.gen_cpll_cal_inst[3].gen_inst_cpll_cal.gtwizard_ultrascale_v1_7_6_gtye4_cpll_cal_inst/gtwizard_ultrascale_v1_7_6_gtye4_cpll_cal_tx_i/bufg_gt_txoutclkmon_inst/O  | pcie4_uscale_plus_inst/inst/gt_top_i/diablo_gt.diablo_gt_phy_wrapper/gt_wizard.gtwizard_top_i/pcie4_uscale_plus_0_gt_i/inst/gen_gtwizard_gtye4_top.pcie4_uscale_plus_0_gt_gtwizard_gtye4_inst/gen_gtwizard_gtye4.gen_cpll_cal_gtye4.gen_cpll_cal_inst[3].gen_inst_cpll_cal.gtwizard_ultrascale_v1_7_6_gtye4_cpll_cal_inst/gtwizard_ultrascale_v1_7_6_gtye4_cpll_cal_tx_i/txoutclkmon  |             8.0 |
| pcie4_uscale_plus_inst/inst/gt_top_i/diablo_gt.diablo_gt_phy_wrapper/gt_wizard.gtwizard_top_i/pcie4_uscale_plus_0_gt_i/inst/gen_gtwizard_gtye4_top.pcie4_uscale_plus_0_gt_gtwizard_gtye4_inst/gen_gtwizard_gtye4.gen_cpll_cal_gtye4.gen_cpll_cal_inst[4].gen_inst_cpll_cal.gtwizard_ultrascale_v1_7_6_gtye4_cpll_cal_inst/gtwizard_ultrascale_v1_7_6_gtye4_cpll_cal_tx_i/bufg_gt_txoutclkmon_inst/O  | pcie4_uscale_plus_inst/inst/gt_top_i/diablo_gt.diablo_gt_phy_wrapper/gt_wizard.gtwizard_top_i/pcie4_uscale_plus_0_gt_i/inst/gen_gtwizard_gtye4_top.pcie4_uscale_plus_0_gt_gtwizard_gtye4_inst/gen_gtwizard_gtye4.gen_cpll_cal_gtye4.gen_cpll_cal_inst[4].gen_inst_cpll_cal.gtwizard_ultrascale_v1_7_6_gtye4_cpll_cal_inst/gtwizard_ultrascale_v1_7_6_gtye4_cpll_cal_tx_i/txoutclkmon  |             8.0 |
| pcie4_uscale_plus_inst/inst/gt_top_i/diablo_gt.diablo_gt_phy_wrapper/gt_wizard.gtwizard_top_i/pcie4_uscale_plus_0_gt_i/inst/gen_gtwizard_gtye4_top.pcie4_uscale_plus_0_gt_gtwizard_gtye4_inst/gen_gtwizard_gtye4.gen_cpll_cal_gtye4.gen_cpll_cal_inst[5].gen_inst_cpll_cal.gtwizard_ultrascale_v1_7_6_gtye4_cpll_cal_inst/gtwizard_ultrascale_v1_7_6_gtye4_cpll_cal_tx_i/bufg_gt_txoutclkmon_inst/O  | pcie4_uscale_plus_inst/inst/gt_top_i/diablo_gt.diablo_gt_phy_wrapper/gt_wizard.gtwizard_top_i/pcie4_uscale_plus_0_gt_i/inst/gen_gtwizard_gtye4_top.pcie4_uscale_plus_0_gt_gtwizard_gtye4_inst/gen_gtwizard_gtye4.gen_cpll_cal_gtye4.gen_cpll_cal_inst[5].gen_inst_cpll_cal.gtwizard_ultrascale_v1_7_6_gtye4_cpll_cal_inst/gtwizard_ultrascale_v1_7_6_gtye4_cpll_cal_tx_i/txoutclkmon  |             8.0 |
| pcie4_uscale_plus_inst/inst/gt_top_i/diablo_gt.diablo_gt_phy_wrapper/gt_wizard.gtwizard_top_i/pcie4_uscale_plus_0_gt_i/inst/gen_gtwizard_gtye4_top.pcie4_uscale_plus_0_gt_gtwizard_gtye4_inst/gen_gtwizard_gtye4.gen_cpll_cal_gtye4.gen_cpll_cal_inst[6].gen_inst_cpll_cal.gtwizard_ultrascale_v1_7_6_gtye4_cpll_cal_inst/gtwizard_ultrascale_v1_7_6_gtye4_cpll_cal_tx_i/bufg_gt_txoutclkmon_inst/O  | pcie4_uscale_plus_inst/inst/gt_top_i/diablo_gt.diablo_gt_phy_wrapper/gt_wizard.gtwizard_top_i/pcie4_uscale_plus_0_gt_i/inst/gen_gtwizard_gtye4_top.pcie4_uscale_plus_0_gt_gtwizard_gtye4_inst/gen_gtwizard_gtye4.gen_cpll_cal_gtye4.gen_cpll_cal_inst[6].gen_inst_cpll_cal.gtwizard_ultrascale_v1_7_6_gtye4_cpll_cal_inst/gtwizard_ultrascale_v1_7_6_gtye4_cpll_cal_tx_i/txoutclkmon  |             8.0 |
| pcie4_uscale_plus_inst/inst/gt_top_i/diablo_gt.diablo_gt_phy_wrapper/gt_wizard.gtwizard_top_i/pcie4_uscale_plus_0_gt_i/inst/gen_gtwizard_gtye4_top.pcie4_uscale_plus_0_gt_gtwizard_gtye4_inst/gen_gtwizard_gtye4.gen_cpll_cal_gtye4.gen_cpll_cal_inst[7].gen_inst_cpll_cal.gtwizard_ultrascale_v1_7_6_gtye4_cpll_cal_inst/gtwizard_ultrascale_v1_7_6_gtye4_cpll_cal_tx_i/bufg_gt_txoutclkmon_inst/O  | pcie4_uscale_plus_inst/inst/gt_top_i/diablo_gt.diablo_gt_phy_wrapper/gt_wizard.gtwizard_top_i/pcie4_uscale_plus_0_gt_i/inst/gen_gtwizard_gtye4_top.pcie4_uscale_plus_0_gt_gtwizard_gtye4_inst/gen_gtwizard_gtye4.gen_cpll_cal_gtye4.gen_cpll_cal_inst[7].gen_inst_cpll_cal.gtwizard_ultrascale_v1_7_6_gtye4_cpll_cal_inst/gtwizard_ultrascale_v1_7_6_gtye4_cpll_cal_tx_i/txoutclkmon  |             8.0 |
| pcie4_uscale_plus_inst/inst/gt_top_i/diablo_gt.diablo_gt_phy_wrapper/gt_wizard.gtwizard_top_i/pcie4_uscale_plus_0_gt_i/inst/gen_gtwizard_gtye4_top.pcie4_uscale_plus_0_gt_gtwizard_gtye4_inst/gen_gtwizard_gtye4.gen_cpll_cal_gtye4.gen_cpll_cal_inst[8].gen_inst_cpll_cal.gtwizard_ultrascale_v1_7_6_gtye4_cpll_cal_inst/gtwizard_ultrascale_v1_7_6_gtye4_cpll_cal_tx_i/bufg_gt_txoutclkmon_inst/O  | pcie4_uscale_plus_inst/inst/gt_top_i/diablo_gt.diablo_gt_phy_wrapper/gt_wizard.gtwizard_top_i/pcie4_uscale_plus_0_gt_i/inst/gen_gtwizard_gtye4_top.pcie4_uscale_plus_0_gt_gtwizard_gtye4_inst/gen_gtwizard_gtye4.gen_cpll_cal_gtye4.gen_cpll_cal_inst[8].gen_inst_cpll_cal.gtwizard_ultrascale_v1_7_6_gtye4_cpll_cal_inst/gtwizard_ultrascale_v1_7_6_gtye4_cpll_cal_tx_i/txoutclkmon  |             8.0 |
| pcie4_uscale_plus_inst/inst/gt_top_i/diablo_gt.diablo_gt_phy_wrapper/gt_wizard.gtwizard_top_i/pcie4_uscale_plus_0_gt_i/inst/gen_gtwizard_gtye4_top.pcie4_uscale_plus_0_gt_gtwizard_gtye4_inst/gen_gtwizard_gtye4.gen_cpll_cal_gtye4.gen_cpll_cal_inst[9].gen_inst_cpll_cal.gtwizard_ultrascale_v1_7_6_gtye4_cpll_cal_inst/gtwizard_ultrascale_v1_7_6_gtye4_cpll_cal_tx_i/bufg_gt_txoutclkmon_inst/O  | pcie4_uscale_plus_inst/inst/gt_top_i/diablo_gt.diablo_gt_phy_wrapper/gt_wizard.gtwizard_top_i/pcie4_uscale_plus_0_gt_i/inst/gen_gtwizard_gtye4_top.pcie4_uscale_plus_0_gt_gtwizard_gtye4_inst/gen_gtwizard_gtye4.gen_cpll_cal_gtye4.gen_cpll_cal_inst[9].gen_inst_cpll_cal.gtwizard_ultrascale_v1_7_6_gtye4_cpll_cal_inst/gtwizard_ultrascale_v1_7_6_gtye4_cpll_cal_tx_i/txoutclkmon  |             8.0 |
| pcie4_uscale_plus_inst/inst/gt_top_i/diablo_gt.diablo_gt_phy_wrapper/phy_clk_i/bufg_gt_intclk/O                                                                                                                                                                                                                                                                                                      | pcie4_uscale_plus_inst/inst/gt_top_i/diablo_gt.diablo_gt_phy_wrapper/phy_clk_i/CLK_INTCLK                                                                                                                                                                                                                                                                                             |          1000.0 |
| pcie_mgt_refclk_1                                                                                                                                                                                                                                                                                                                                                                                    | pcie_refclk_p                                                                                                                                                                                                                                                                                                                                                                         |            10.0 |
| pcie_user_clk                                                                                                                                                                                                                                                                                                                                                                                        | pcie4_uscale_plus_inst/inst/gt_top_i/diablo_gt.diablo_gt_phy_wrapper/phy_clk_i/CLK_USERCLK                                                                                                                                                                                                                                                                                            |             4.0 |
| qpll0outclk_out[0]                                                                                                                                                                                                                                                                                                                                                                                   | pcie4_uscale_plus_inst/inst/gt_top_i/diablo_gt.diablo_gt_phy_wrapper/gt_wizard.gtwizard_top_i/pcie4_uscale_plus_0_gt_i/inst/gen_gtwizard_gtye4_top.pcie4_uscale_plus_0_gt_gtwizard_gtye4_inst/gen_gtwizard_gtye4.gen_common.gen_common_container[28].gen_enabled_common.gtye4_common_wrapper_inst/common_inst/qpll0outclk_out[0]                                                      |             0.2 |
| qpll0outclk_out[0]_1                                                                                                                                                                                                                                                                                                                                                                                 | pcie4_uscale_plus_inst/inst/gt_top_i/diablo_gt.diablo_gt_phy_wrapper/gt_wizard.gtwizard_top_i/pcie4_uscale_plus_0_gt_i/inst/gen_gtwizard_gtye4_top.pcie4_uscale_plus_0_gt_gtwizard_gtye4_inst/gen_gtwizard_gtye4.gen_common.gen_common_container[29].gen_enabled_common.gtye4_common_wrapper_inst/common_inst/qpll0outclk_out[0]                                                      |             0.2 |
| qpll0outclk_out[0]_2                                                                                                                                                                                                                                                                                                                                                                                 | pcie4_uscale_plus_inst/inst/gt_top_i/diablo_gt.diablo_gt_phy_wrapper/gt_wizard.gtwizard_top_i/pcie4_uscale_plus_0_gt_i/inst/gen_gtwizard_gtye4_top.pcie4_uscale_plus_0_gt_gtwizard_gtye4_inst/gen_gtwizard_gtye4.gen_common.gen_common_container[30].gen_enabled_common.gtye4_common_wrapper_inst/common_inst/qpll0outclk_out[0]                                                      |             0.2 |
| qpll0outclk_out[0]_3                                                                                                                                                                                                                                                                                                                                                                                 | pcie4_uscale_plus_inst/inst/gt_top_i/diablo_gt.diablo_gt_phy_wrapper/gt_wizard.gtwizard_top_i/pcie4_uscale_plus_0_gt_i/inst/gen_gtwizard_gtye4_top.pcie4_uscale_plus_0_gt_gtwizard_gtye4_inst/gen_gtwizard_gtye4.gen_common.gen_common_container[31].gen_enabled_common.gtye4_common_wrapper_inst/common_inst/qpll0outclk_out[0]                                                      |             0.2 |
| qpll0outrefclk_out[0]                                                                                                                                                                                                                                                                                                                                                                                | pcie4_uscale_plus_inst/inst/gt_top_i/diablo_gt.diablo_gt_phy_wrapper/gt_wizard.gtwizard_top_i/pcie4_uscale_plus_0_gt_i/inst/gen_gtwizard_gtye4_top.pcie4_uscale_plus_0_gt_gtwizard_gtye4_inst/gen_gtwizard_gtye4.gen_common.gen_common_container[28].gen_enabled_common.gtye4_common_wrapper_inst/common_inst/qpll0outrefclk_out[0]                                                   |            10.0 |
| qpll0outrefclk_out[0]_1                                                                                                                                                                                                                                                                                                                                                                              | pcie4_uscale_plus_inst/inst/gt_top_i/diablo_gt.diablo_gt_phy_wrapper/gt_wizard.gtwizard_top_i/pcie4_uscale_plus_0_gt_i/inst/gen_gtwizard_gtye4_top.pcie4_uscale_plus_0_gt_gtwizard_gtye4_inst/gen_gtwizard_gtye4.gen_common.gen_common_container[29].gen_enabled_common.gtye4_common_wrapper_inst/common_inst/qpll0outrefclk_out[0]                                                   |            10.0 |
| qpll0outrefclk_out[0]_2                                                                                                                                                                                                                                                                                                                                                                              | pcie4_uscale_plus_inst/inst/gt_top_i/diablo_gt.diablo_gt_phy_wrapper/gt_wizard.gtwizard_top_i/pcie4_uscale_plus_0_gt_i/inst/gen_gtwizard_gtye4_top.pcie4_uscale_plus_0_gt_gtwizard_gtye4_inst/gen_gtwizard_gtye4.gen_common.gen_common_container[30].gen_enabled_common.gtye4_common_wrapper_inst/common_inst/qpll0outrefclk_out[0]                                                   |            10.0 |
| qpll0outrefclk_out[0]_3                                                                                                                                                                                                                                                                                                                                                                              | pcie4_uscale_plus_inst/inst/gt_top_i/diablo_gt.diablo_gt_phy_wrapper/gt_wizard.gtwizard_top_i/pcie4_uscale_plus_0_gt_i/inst/gen_gtwizard_gtye4_top.pcie4_uscale_plus_0_gt_gtwizard_gtye4_inst/gen_gtwizard_gtye4.gen_common.gen_common_container[31].gen_enabled_common.gtye4_common_wrapper_inst/common_inst/qpll0outrefclk_out[0]                                                   |            10.0 |
| qpll1outclk_out[0]                                                                                                                                                                                                                                                                                                                                                                                   | pcie4_uscale_plus_inst/inst/gt_top_i/diablo_gt.diablo_gt_phy_wrapper/gt_wizard.gtwizard_top_i/pcie4_uscale_plus_0_gt_i/inst/gen_gtwizard_gtye4_top.pcie4_uscale_plus_0_gt_gtwizard_gtye4_inst/gen_gtwizard_gtye4.gen_common.gen_common_container[28].gen_enabled_common.gtye4_common_wrapper_inst/common_inst/qpll1outclk_out[0]                                                      |             0.2 |
| qpll1outclk_out[0]_1                                                                                                                                                                                                                                                                                                                                                                                 | pcie4_uscale_plus_inst/inst/gt_top_i/diablo_gt.diablo_gt_phy_wrapper/gt_wizard.gtwizard_top_i/pcie4_uscale_plus_0_gt_i/inst/gen_gtwizard_gtye4_top.pcie4_uscale_plus_0_gt_gtwizard_gtye4_inst/gen_gtwizard_gtye4.gen_common.gen_common_container[29].gen_enabled_common.gtye4_common_wrapper_inst/common_inst/qpll1outclk_out[0]                                                      |             0.2 |
| qpll1outclk_out[0]_2                                                                                                                                                                                                                                                                                                                                                                                 | pcie4_uscale_plus_inst/inst/gt_top_i/diablo_gt.diablo_gt_phy_wrapper/gt_wizard.gtwizard_top_i/pcie4_uscale_plus_0_gt_i/inst/gen_gtwizard_gtye4_top.pcie4_uscale_plus_0_gt_gtwizard_gtye4_inst/gen_gtwizard_gtye4.gen_common.gen_common_container[30].gen_enabled_common.gtye4_common_wrapper_inst/common_inst/qpll1outclk_out[0]                                                      |             0.2 |
| qpll1outclk_out[0]_3                                                                                                                                                                                                                                                                                                                                                                                 | pcie4_uscale_plus_inst/inst/gt_top_i/diablo_gt.diablo_gt_phy_wrapper/gt_wizard.gtwizard_top_i/pcie4_uscale_plus_0_gt_i/inst/gen_gtwizard_gtye4_top.pcie4_uscale_plus_0_gt_gtwizard_gtye4_inst/gen_gtwizard_gtye4.gen_common.gen_common_container[31].gen_enabled_common.gtye4_common_wrapper_inst/common_inst/qpll1outclk_out[0]                                                      |             0.2 |
| qpll1outrefclk_out[0]                                                                                                                                                                                                                                                                                                                                                                                | pcie4_uscale_plus_inst/inst/gt_top_i/diablo_gt.diablo_gt_phy_wrapper/gt_wizard.gtwizard_top_i/pcie4_uscale_plus_0_gt_i/inst/gen_gtwizard_gtye4_top.pcie4_uscale_plus_0_gt_gtwizard_gtye4_inst/gen_gtwizard_gtye4.gen_common.gen_common_container[28].gen_enabled_common.gtye4_common_wrapper_inst/common_inst/qpll1outrefclk_out[0]                                                   |            10.0 |
| qpll1outrefclk_out[0]_1                                                                                                                                                                                                                                                                                                                                                                              | pcie4_uscale_plus_inst/inst/gt_top_i/diablo_gt.diablo_gt_phy_wrapper/gt_wizard.gtwizard_top_i/pcie4_uscale_plus_0_gt_i/inst/gen_gtwizard_gtye4_top.pcie4_uscale_plus_0_gt_gtwizard_gtye4_inst/gen_gtwizard_gtye4.gen_common.gen_common_container[29].gen_enabled_common.gtye4_common_wrapper_inst/common_inst/qpll1outrefclk_out[0]                                                   |            10.0 |
| qpll1outrefclk_out[0]_2                                                                                                                                                                                                                                                                                                                                                                              | pcie4_uscale_plus_inst/inst/gt_top_i/diablo_gt.diablo_gt_phy_wrapper/gt_wizard.gtwizard_top_i/pcie4_uscale_plus_0_gt_i/inst/gen_gtwizard_gtye4_top.pcie4_uscale_plus_0_gt_gtwizard_gtye4_inst/gen_gtwizard_gtye4.gen_common.gen_common_container[30].gen_enabled_common.gtye4_common_wrapper_inst/common_inst/qpll1outrefclk_out[0]                                                   |            10.0 |
| qpll1outrefclk_out[0]_3                                                                                                                                                                                                                                                                                                                                                                              | pcie4_uscale_plus_inst/inst/gt_top_i/diablo_gt.diablo_gt_phy_wrapper/gt_wizard.gtwizard_top_i/pcie4_uscale_plus_0_gt_i/inst/gen_gtwizard_gtye4_top.pcie4_uscale_plus_0_gt_gtwizard_gtye4_inst/gen_gtwizard_gtye4.gen_common.gen_common_container[31].gen_enabled_common.gtye4_common_wrapper_inst/common_inst/qpll1outrefclk_out[0]                                                   |            10.0 |
+------------------------------------------------------------------------------------------------------------------------------------------------------------------------------------------------------------------------------------------------------------------------------------------------------------------------------------------------------------------------------------------------------+---------------------------------------------------------------------------------------------------------------------------------------------------------------------------------------------------------------------------------------------------------------------------------------------------------------------------------------------------------------------------------------+-----------------+


3. Detailed Reports
-------------------

3.1 By Hierarchy
----------------

+--------------------------------------+-----------+
| Name                                 | Power (W) |
+--------------------------------------+-----------+
| fpga                                 |     6.239 |
|   core_inst                          |     0.338 |
|     axi_ram_inst                     |     0.013 |
|     cc_mux_inst                      |     0.008 |
|     cq_demux_inst                    |     0.013 |
|     genblk1[0].fifo_generator_0_inst |     0.017 |
|       U0                             |     0.017 |
|     genblk1[0].fifo_generator_1_inst |     0.003 |
|       U0                             |     0.003 |
|     genblk1[1].fifo_generator_0_inst |     0.017 |
|       U0                             |     0.017 |
|     genblk1[1].fifo_generator_1_inst |     0.003 |
|       U0                             |     0.003 |
|     genblk1[2].fifo_generator_0_inst |     0.017 |
|       U0                             |     0.017 |
|     genblk1[2].fifo_generator_1_inst |     0.003 |
|       U0                             |     0.003 |
|     genblk1[3].fifo_generator_0_inst |     0.018 |
|       U0                             |     0.018 |
|     genblk1[3].fifo_generator_1_inst |     0.003 |
|       U0                             |     0.003 |
|     pcie_dma_c2h_top_inst            |     0.165 |
|       dma_client_port_inst           |     0.014 |
|       dma_if_pcie_us_wr_inst         |     0.134 |
|       dma_psdpram_inst               |     0.016 |
|     pcie_us_axi_master_inst          |     0.046 |
|       cq_demux_inst                  |     0.010 |
|       pcie_us_axi_master_rd_inst     |     0.021 |
|       pcie_us_axi_master_wr_inst     |     0.015 |
|     pcie_us_axil_master_inst         |     0.002 |
|   pcie4_uscale_plus_inst             |     5.894 |
|     inst                             |     5.894 |
|       gt_top_i                       |     4.978 |
|       pcie_4_0_pipe_inst             |     0.915 |
+--------------------------------------+-----------+


